Arguments: 
  C:\Program Files\nodejs\node.exe C:\Users\crisx\AppData\Roaming\npm\node_modules\yarn\bin\yarn.js install express

PATH: 
  C:\Program Files\Common Files\Oracle\Java\javapath;C:\ProgramData\Oracle\Java\javapath;C:\Windows\system32;C:\Windows;C:\Windows\System32\Wbem;C:\Windows\System32\WindowsPowerShell\v1.0\;C:\Windows\System32\OpenSSH\;C:\Program Files\nodejs\;C:\Program Files\Git\cmd;C:\Users\crisx\AppData\Local\Microsoft\WindowsApps;C:\Users\crisx\AppData\Roaming\npm;C:\Users\crisx\AppData\Local\Programs\Microsoft VS Code\bin

Yarn version: 
  1.22.19

Node version: 
  16.17.1

Platform: 
  win32 x64

Trace: 
  SyntaxError: C:\ayudantia\package.json: Unexpected token } in JSON at position 243
      at JSON.parse (<anonymous>)
      at C:\Users\crisx\AppData\Roaming\npm\node_modules\yarn\lib\cli.js:1629:59
      at Generator.next (<anonymous>)
      at step (C:\Users\crisx\AppData\Roaming\npm\node_modules\yarn\lib\cli.js:310:30)
      at C:\Users\crisx\AppData\Roaming\npm\node_modules\yarn\lib\cli.js:321:13

npm manifest: 
  {
      "name":"ayudantia",
      "version":"1.0.0",
      "descripcion":"",
      "main":"index.js",
      "scripts":{
          "test":"echo \"Error: no test specified\" && exit 1",
          "start":"node index.js",
          "dev":"nodemon index.js",
      },
      "author":"",
      "license": "ISC",
      "dependencies": {},
      "devDependencies": {}
  }

yarn manifest: 
  No manifest

Lockfile: 
  No lockfile
